<?xml version="1.0" encoding="UTF-8" ?>
<testsuite failures="0" time="1.35" errors="0" skipped="1" tests="1" name="com.thundermoose.bio.dao.TestNormalize">
  <properties>
    <property name="java.runtime.name" value="Java(TM) SE Runtime Environment"/>
    <property name="sun.boot.library.path" value="F:\Program Files\Java\jdk1.7.0_01\jre\bin"/>
    <property name="java.vm.version" value="21.1-b02"/>
    <property name="java.vm.vendor" value="Oracle Corporation"/>
    <property name="java.vendor.url" value="http://java.oracle.com/"/>
    <property name="path.separator" value=";"/>
    <property name="java.vm.name" value="Java HotSpot(TM) 64-Bit Server VM"/>
    <property name="file.encoding.pkg" value="sun.io"/>
    <property name="user.script" value=""/>
    <property name="user.country" value="US"/>
    <property name="sun.java.launcher" value="SUN_STANDARD"/>
    <property name="sun.os.patch.level" value="Service Pack 1"/>
    <property name="java.vm.specification.name" value="Java Virtual Machine Specification"/>
    <property name="user.dir" value="C:\GitRepository\BRBbio"/>
    <property name="java.runtime.version" value="1.7.0_01-b08"/>
    <property name="java.awt.graphicsenv" value="sun.awt.Win32GraphicsEnvironment"/>
    <property name="basedir" value="C:\GitRepository\BRBbio"/>
    <property name="java.endorsed.dirs" value="F:\Program Files\Java\jdk1.7.0_01\jre\lib\endorsed"/>
    <property name="os.arch" value="amd64"/>
    <property name="surefire.real.class.path" value="C:\GitRepository\BRBbio\target\surefire\surefirebooter2874079990290941456.jar"/>
    <property name="java.io.tmpdir" value="C:\Users\THUNDE~1\AppData\Local\Temp\"/>
    <property name="line.separator" value="
"/>
    <property name="java.vm.specification.vendor" value="Oracle Corporation"/>
    <property name="user.variant" value=""/>
    <property name="os.name" value="Windows 7"/>
    <property name="sun.jnu.encoding" value="Cp1252"/>
    <property name="java.library.path" value="F:\Program Files\Java\jdk1.7.0_01\jre\bin;C:\Windows\Sun\Java\bin;C:\Windows\system32;C:\Windows;C:\Program Files (x86)\AMD APP\bin\x86_64;C:\Program Files (x86)\AMD APP\bin\x86;C:\Program Files (x86)\NVIDIA Corporation\PhysX\Common;C:\Program Files\Common Files\Microsoft Shared\Windows Live;C:\Windows\system32;C:\Windows;C:\Windows\System32\Wbem;C:\Windows\System32\WindowsPowerShell\v1.0\;C:\Program Files (x86)\ATI Technologies\ATI.ACE\Core-Static;F:\Program Files\apache-maven-3.0.3\bin;C:\Program Files (x86)\Microsoft SQL Server\110\Tools\Binn\;C:\Program Files\Microsoft SQL Server\110\Tools\Binn\;C:\Program Files\Microsoft SQL Server\110\DTS\Binn\;C:\Program Files (x86)\Microsoft SQL Server\110\Tools\Binn\ManagementStudio\;C:\Program Files (x86)\Microsoft SQL Server\110\DTS\Binn\;F:\Program Files\groovy-2.1.5\bin;F:\Program Files\Git\bin;F:\Program Files\TortoiseGit\bin;C:\Program Files\TortoiseSVN\bin;C:\Program Files\SlikSvn\bin;C:\Program Files (x86)\QuickTime\QTSystem\;C:\Program Files\Common Files\Microsoft Shared\Windows Live;F:\Program Files\Java\jdk1.7.0_01\bin;."/>
    <property name="surefire.test.class.path" value="C:\GitRepository\BRBbio\target\test-classes;C:\GitRepository\BRBbio\target\classes;F:\MavenRepository\org\springframework\spring-core\3.2.3.RELEASE\spring-core-3.2.3.RELEASE.jar;F:\MavenRepository\commons-logging\commons-logging\1.1.1\commons-logging-1.1.1.jar;F:\MavenRepository\org\springframework\spring-web\3.2.3.RELEASE\spring-web-3.2.3.RELEASE.jar;F:\MavenRepository\aopalliance\aopalliance\1.0\aopalliance-1.0.jar;F:\MavenRepository\org\springframework\spring-aop\3.2.3.RELEASE\spring-aop-3.2.3.RELEASE.jar;F:\MavenRepository\org\springframework\spring-beans\3.2.3.RELEASE\spring-beans-3.2.3.RELEASE.jar;F:\MavenRepository\org\springframework\spring-context\3.2.3.RELEASE\spring-context-3.2.3.RELEASE.jar;F:\MavenRepository\org\springframework\spring-webmvc\3.2.3.RELEASE\spring-webmvc-3.2.3.RELEASE.jar;F:\MavenRepository\org\springframework\spring-expression\3.2.3.RELEASE\spring-expression-3.2.3.RELEASE.jar;F:\MavenRepository\org\springframework\spring-tx\3.2.3.RELEASE\spring-tx-3.2.3.RELEASE.jar;F:\MavenRepository\org\springframework\spring-orm\3.2.3.RELEASE\spring-orm-3.2.3.RELEASE.jar;F:\MavenRepository\org\springframework\spring-jdbc\3.2.3.RELEASE\spring-jdbc-3.2.3.RELEASE.jar;F:\MavenRepository\org\springframework\spring-test\3.2.3.RELEASE\spring-test-3.2.3.RELEASE.jar;F:\MavenRepository\org\codehaus\jackson\jackson-mapper-asl\1.9.10\jackson-mapper-asl-1.9.10.jar;F:\MavenRepository\org\codehaus\jackson\jackson-core-asl\1.9.10\jackson-core-asl-1.9.10.jar;F:\MavenRepository\mysql\mysql-connector-java\5.1.25\mysql-connector-java-5.1.25.jar;F:\MavenRepository\commons-dbcp\commons-dbcp\1.4\commons-dbcp-1.4.jar;F:\MavenRepository\commons-pool\commons-pool\1.5.4\commons-pool-1.5.4.jar;F:\MavenRepository\javassist\javassist\3.12.1.GA\javassist-3.12.1.GA.jar;F:\MavenRepository\org\apache\poi\poi-ooxml\3.9\poi-ooxml-3.9.jar;F:\MavenRepository\org\apache\poi\poi\3.9\poi-3.9.jar;F:\MavenRepository\commons-codec\commons-codec\1.5\commons-codec-1.5.jar;F:\MavenRepository\org\apache\poi\poi-ooxml-schemas\3.9\poi-ooxml-schemas-3.9.jar;F:\MavenRepository\org\apache\xmlbeans\xmlbeans\2.3.0\xmlbeans-2.3.0.jar;F:\MavenRepository\stax\stax-api\1.0.1\stax-api-1.0.1.jar;F:\MavenRepository\dom4j\dom4j\1.6.1\dom4j-1.6.1.jar;F:\MavenRepository\xml-apis\xml-apis\1.0.b2\xml-apis-1.0.b2.jar;F:\MavenRepository\javax\servlet\servlet-api\2.5\servlet-api-2.5.jar;F:\MavenRepository\jstl\jstl\1.2\jstl-1.2.jar;F:\MavenRepository\com\google\guava\guava-io\r03\guava-io-r03.jar;F:\MavenRepository\com\google\guava\guava-annotations\r03\guava-annotations-r03.jar;F:\MavenRepository\com\google\guava\guava-base\r03\guava-base-r03.jar;F:\MavenRepository\commons-fileupload\commons-fileupload\1.3\commons-fileupload-1.3.jar;F:\MavenRepository\commons-io\commons-io\2.2\commons-io-2.2.jar;F:\MavenRepository\org\slf4j\slf4j-log4j12\1.6.1\slf4j-log4j12-1.6.1.jar;F:\MavenRepository\org\slf4j\slf4j-api\1.6.1\slf4j-api-1.6.1.jar;F:\MavenRepository\log4j\log4j\1.2.16\log4j-1.2.16.jar;F:\MavenRepository\org\hsqldb\hsqldb\2.2.9\hsqldb-2.2.9.jar;F:\MavenRepository\junit\junit\4.11\junit-4.11.jar;F:\MavenRepository\org\hamcrest\hamcrest-core\1.3\hamcrest-core-1.3.jar;"/>
    <property name="java.specification.name" value="Java Platform API Specification"/>
    <property name="java.class.version" value="51.0"/>
    <property name="sun.management.compiler" value="HotSpot 64-Bit Tiered Compilers"/>
    <property name="os.version" value="6.1"/>
    <property name="user.home" value="C:\Users\Thundermoose"/>
    <property name="user.timezone" value="America/New_York"/>
    <property name="java.awt.printerjob" value="sun.awt.windows.WPrinterJob"/>
    <property name="java.specification.version" value="1.7"/>
    <property name="file.encoding" value="Cp1252"/>
    <property name="user.name" value="Thundermoose"/>
    <property name="java.class.path" value="C:\GitRepository\BRBbio\target\test-classes;C:\GitRepository\BRBbio\target\classes;F:\MavenRepository\org\springframework\spring-core\3.2.3.RELEASE\spring-core-3.2.3.RELEASE.jar;F:\MavenRepository\commons-logging\commons-logging\1.1.1\commons-logging-1.1.1.jar;F:\MavenRepository\org\springframework\spring-web\3.2.3.RELEASE\spring-web-3.2.3.RELEASE.jar;F:\MavenRepository\aopalliance\aopalliance\1.0\aopalliance-1.0.jar;F:\MavenRepository\org\springframework\spring-aop\3.2.3.RELEASE\spring-aop-3.2.3.RELEASE.jar;F:\MavenRepository\org\springframework\spring-beans\3.2.3.RELEASE\spring-beans-3.2.3.RELEASE.jar;F:\MavenRepository\org\springframework\spring-context\3.2.3.RELEASE\spring-context-3.2.3.RELEASE.jar;F:\MavenRepository\org\springframework\spring-webmvc\3.2.3.RELEASE\spring-webmvc-3.2.3.RELEASE.jar;F:\MavenRepository\org\springframework\spring-expression\3.2.3.RELEASE\spring-expression-3.2.3.RELEASE.jar;F:\MavenRepository\org\springframework\spring-tx\3.2.3.RELEASE\spring-tx-3.2.3.RELEASE.jar;F:\MavenRepository\org\springframework\spring-orm\3.2.3.RELEASE\spring-orm-3.2.3.RELEASE.jar;F:\MavenRepository\org\springframework\spring-jdbc\3.2.3.RELEASE\spring-jdbc-3.2.3.RELEASE.jar;F:\MavenRepository\org\springframework\spring-test\3.2.3.RELEASE\spring-test-3.2.3.RELEASE.jar;F:\MavenRepository\org\codehaus\jackson\jackson-mapper-asl\1.9.10\jackson-mapper-asl-1.9.10.jar;F:\MavenRepository\org\codehaus\jackson\jackson-core-asl\1.9.10\jackson-core-asl-1.9.10.jar;F:\MavenRepository\mysql\mysql-connector-java\5.1.25\mysql-connector-java-5.1.25.jar;F:\MavenRepository\commons-dbcp\commons-dbcp\1.4\commons-dbcp-1.4.jar;F:\MavenRepository\commons-pool\commons-pool\1.5.4\commons-pool-1.5.4.jar;F:\MavenRepository\javassist\javassist\3.12.1.GA\javassist-3.12.1.GA.jar;F:\MavenRepository\org\apache\poi\poi-ooxml\3.9\poi-ooxml-3.9.jar;F:\MavenRepository\org\apache\poi\poi\3.9\poi-3.9.jar;F:\MavenRepository\commons-codec\commons-codec\1.5\commons-codec-1.5.jar;F:\MavenRepository\org\apache\poi\poi-ooxml-schemas\3.9\poi-ooxml-schemas-3.9.jar;F:\MavenRepository\org\apache\xmlbeans\xmlbeans\2.3.0\xmlbeans-2.3.0.jar;F:\MavenRepository\stax\stax-api\1.0.1\stax-api-1.0.1.jar;F:\MavenRepository\dom4j\dom4j\1.6.1\dom4j-1.6.1.jar;F:\MavenRepository\xml-apis\xml-apis\1.0.b2\xml-apis-1.0.b2.jar;F:\MavenRepository\javax\servlet\servlet-api\2.5\servlet-api-2.5.jar;F:\MavenRepository\jstl\jstl\1.2\jstl-1.2.jar;F:\MavenRepository\com\google\guava\guava-io\r03\guava-io-r03.jar;F:\MavenRepository\com\google\guava\guava-annotations\r03\guava-annotations-r03.jar;F:\MavenRepository\com\google\guava\guava-base\r03\guava-base-r03.jar;F:\MavenRepository\commons-fileupload\commons-fileupload\1.3\commons-fileupload-1.3.jar;F:\MavenRepository\commons-io\commons-io\2.2\commons-io-2.2.jar;F:\MavenRepository\org\slf4j\slf4j-log4j12\1.6.1\slf4j-log4j12-1.6.1.jar;F:\MavenRepository\org\slf4j\slf4j-api\1.6.1\slf4j-api-1.6.1.jar;F:\MavenRepository\log4j\log4j\1.2.16\log4j-1.2.16.jar;F:\MavenRepository\org\hsqldb\hsqldb\2.2.9\hsqldb-2.2.9.jar;F:\MavenRepository\junit\junit\4.11\junit-4.11.jar;F:\MavenRepository\org\hamcrest\hamcrest-core\1.3\hamcrest-core-1.3.jar;"/>
    <property name="java.vm.specification.version" value="1.7"/>
    <property name="sun.arch.data.model" value="64"/>
    <property name="java.home" value="F:\Program Files\Java\jdk1.7.0_01\jre"/>
    <property name="sun.java.command" value="C:\GitRepository\BRBbio\target\surefire\surefirebooter2874079990290941456.jar C:\GitRepository\BRBbio\target\surefire\surefire1413710701286914841tmp C:\GitRepository\BRBbio\target\surefire\surefire5906404532126507276tmp"/>
    <property name="java.specification.vendor" value="Oracle Corporation"/>
    <property name="user.language" value="en"/>
    <property name="awt.toolkit" value="sun.awt.windows.WToolkit"/>
    <property name="java.vm.info" value="mixed mode"/>
    <property name="java.version" value="1.7.0_01"/>
    <property name="java.ext.dirs" value="F:\Program Files\Java\jdk1.7.0_01\jre\lib\ext;C:\Windows\Sun\Java\lib\ext"/>
    <property name="sun.boot.class.path" value="F:\Program Files\Java\jdk1.7.0_01\jre\lib\resources.jar;F:\Program Files\Java\jdk1.7.0_01\jre\lib\rt.jar;F:\Program Files\Java\jdk1.7.0_01\jre\lib\sunrsasign.jar;F:\Program Files\Java\jdk1.7.0_01\jre\lib\jsse.jar;F:\Program Files\Java\jdk1.7.0_01\jre\lib\jce.jar;F:\Program Files\Java\jdk1.7.0_01\jre\lib\charsets.jar;F:\Program Files\Java\jdk1.7.0_01\jre\classes"/>
    <property name="java.vendor" value="Oracle Corporation"/>
    <property name="localRepository" value="F:\MavenRepository"/>
    <property name="file.separator" value="\"/>
    <property name="java.vendor.url.bug" value="http://bugreport.sun.com/bugreport/"/>
    <property name="sun.cpu.endian" value="little"/>
    <property name="sun.io.unicode.encoding" value="UnicodeLittle"/>
    <property name="sun.desktop" value="windows"/>
    <property name="sun.cpu.isalist" value="amd64"/>
  </properties>
  <testcase time="0" classname="com.thundermoose.bio.dao.TestNormalize" name="test">
    <skipped/>
  </testcase>
</testsuite>